https://www.youtube.com/c/LegalEagle/videos
https://www.youtube.com/c/GothamChess/videos
https://www.youtube.com/c/DanielNaroditskyGM/videos
https://www.youtube.com/user/crashcourse/videos
https://www.youtube.com/user/spacexchannel/videos
#https://www.youtube.com/user/TVFilthyFrank/videos
#https://www.youtube.com/user/AlfieAesthetics/videos
#https://www.youtube.com/user/bosnianbill/videos
https://www.youtube.com/user/theCodyReeder/videos
https://www.youtube.com/user/Computerphile/videos
# Journey to the micro-cosmos
https://www.youtube.com/channel/UCBbnbBWJtwsf0jLGUwX5Q3g/videos
# Gibi
https://www.youtube.com/channel/UCE6acMV3m35znLcf0JGNn7Q/videos
# Goodnight moon
https://www.youtube.com/channel/UClMJgjg2z_IrRm6J9KrhcuQ/videos
https://www.youtube.com/user/iDubbbzTV/videos
https://www.youtube.com/user/TheRedNile/videos
https://www.youtube.com/user/NurdRage/videos
https://www.youtube.com/user/Photonvids/videos
# Sam Onella
https://www.youtube.com/channel/UC1DTYW241WD64ah5BFWn4JA/videos
#https://www.youtube.com/user/standupmaths/videos
https://www.youtube.com/user/adric22/videos
https://www.youtube.com/user/enyay/videos
#https://www.youtube.com/user/LinusTechTips/videos
https://www.youtube.com/channel/UCFmL725KKPx2URVPvH3Gp8w/videos
https://www.youtube.com/channel/UCVovvq34gd0ps5cVYNZrc7A/videos
https://www.youtube.com/user/westoaklandturdunit/videos
https://www.youtube.com/c/szyzyg/videos
